<?xml version="1.0" encoding="UTF-8"?>
<!-- Generated by org.testng.reporters.JUnitXMLReporter -->
<testsuite hostname="LAPTOP-A6RHJ6KB" ignored="0" name="Default test" tests="4" failures="0" timestamp="04 May 2018 06:27:46 GMT" time="27.558" errors="0">
  <testcase name="googleSearch" time="0.009" classname="Framework_Automation.Automation_Test.GoogleTest"/>
  <testcase name="googleLogoTest" time="0.002" classname="Framework_Automation.Automation_Test.GoogleTest"/>
  <testcase name="logout" time="0.001" classname="Framework_Automation.Automation_Test.GoogleTest"/>
  <testcase name="logIn" time="0.002" classname="Framework_Automation.Automation_Test.GoogleTest"/>
</testsuite> <!-- Default test -->
